<?xml version="1.0" encoding="UTF-8"?>
<!-- Generated by org.testng.reporters.JUnitReportReporter -->
<testsuite hostname="Rajhans" failures="0" tests="3" name="api.testscript.StoreTest" time="7.258" errors="0" timestamp="2023-11-11T21:31:47 IST" skipped="0">
  <testcase classname="api.testscript.StoreTest" name="deleteTest" time="3.034"/>
  <system-out/>
  <testcase classname="api.testscript.StoreTest" name="test" time="2.322"/>
  <system-out/>
  <testcase classname="api.testscript.StoreTest" name="getOrderTest" time="1.902"/>
  <system-out/>
</testsuite> <!-- api.testscript.StoreTest -->
