<?xml version="1.0" encoding="UTF-8"?>
<!-- Generated by org.testng.reporters.JUnitReportReporter -->
<testsuite hostname="Rajhans" failures="0" tests="3" name="api.testscript.StoreTest" time="8.661" errors="0" timestamp="2023-11-11T21:45:17 IST" skipped="0">
  <testcase classname="api.testscript.StoreTest" name="deleteTest" time="3.739"/>
  <system-out/>
  <testcase classname="api.testscript.StoreTest" name="test" time="2.086"/>
  <system-out/>
  <testcase classname="api.testscript.StoreTest" name="getOrderTest" time="2.836"/>
  <system-out/>
</testsuite> <!-- api.testscript.StoreTest -->
