<?xml version="1.0" encoding="UTF-8"?>
<!-- Generated by org.testng.reporters.JUnitReportReporter -->
<testsuite hostname="Rajhans" failures="0" tests="4" name="api.testscript.Usertest" time="9.363" errors="0" timestamp="2023-12-01T10:16:32 IST" skipped="0">
  <testcase classname="api.testscript.Usertest" name="createUserTest" time="3.954"/>
  <system-out/>
  <testcase classname="api.testscript.Usertest" name="getUserTest" time="1.928"/>
  <system-out/>
  <testcase classname="api.testscript.Usertest" name="updateUserTest" time="1.851"/>
  <system-out/>
  <testcase classname="api.testscript.Usertest" name="deleteUserTest" time="1.630"/>
  <system-out/>
</testsuite> <!-- api.testscript.Usertest -->
