<?xml version="1.0" encoding="UTF-8"?>
<!-- Generated by org.testng.reporters.JUnitReportReporter -->
<testsuite hostname="Rajhans" failures="0" tests="4" name="api.testscript.Usertest" time="8.519" errors="0" timestamp="2023-11-11T17:41:12 IST" skipped="0">
  <testcase classname="api.testscript.Usertest" name="createUserTest" time="3.596"/>
  <system-out/>
  <testcase classname="api.testscript.Usertest" name="getUserTest" time="1.627"/>
  <system-out/>
  <testcase classname="api.testscript.Usertest" name="updateUserTest" time="1.830"/>
  <system-out/>
  <testcase classname="api.testscript.Usertest" name="deleteUserTest" time="1.466"/>
  <system-out/>
</testsuite> <!-- api.testscript.Usertest -->
