<?xml version="1.0" encoding="UTF-8"?>
<!-- Generated by org.testng.reporters.JUnitReportReporter -->
<testsuite hostname="raju" failures="0" tests="6" name="api.testscript.UserTestDD" time="10.525" errors="0" timestamp="2023-09-28T10:57:18 IST" skipped="0">
  <testcase classname="api.testscript.UserTestDD" name="ddTest" time="1.585"/>
  <system-out/>
  <testcase classname="api.testscript.UserTestDD" name="ddTest" time="1.338"/>
  <system-out/>
  <testcase classname="api.testscript.UserTestDD" name="ddTest" time="3.424"/>
  <system-out/>
  <testcase classname="api.testscript.UserTestDD" name="ddTest" time="1.309"/>
  <system-out/>
  <testcase classname="api.testscript.UserTestDD" name="ddTest" time="1.511"/>
  <system-out/>
  <testcase classname="api.testscript.UserTestDD" name="ddTest" time="1.358"/>
  <system-out/>
</testsuite> <!-- api.testscript.UserTestDD -->
