<?xml version="1.0" encoding="UTF-8"?>
<!-- Generated by org.testng.reporters.JUnitReportReporter -->
<testsuite hostname="raju" failures="0" tests="1" name="Practice.FileUpload" time="3.220" errors="0" timestamp="2023-09-26T22:50:33 IST" skipped="0">
  <testcase classname="Practice.FileUpload" name="test" time="3.220"/>
  <system-out/>
</testsuite> <!-- Practice.FileUpload -->
