<?xml version="1.0" encoding="UTF-8"?>
<!-- Generated by org.testng.reporters.JUnitReportReporter -->
<testsuite hostname="raju" failures="0" tests="4" name="api.testscript.Usertest" time="6.572" errors="0" timestamp="2023-09-29T11:08:34 IST" skipped="0">
  <testcase classname="api.testscript.Usertest" name="createUserTest" time="2.846"/>
  <system-out/>
  <testcase classname="api.testscript.Usertest" name="getUserTest" time="1.299"/>
  <system-out/>
  <testcase classname="api.testscript.Usertest" name="updateUserTest" time="1.253"/>
  <system-out/>
  <testcase classname="api.testscript.Usertest" name="deleteUserTest" time="1.174"/>
  <system-out/>
</testsuite> <!-- api.testscript.Usertest -->
